The system is: Linux - 3.16.0-4-amd64 - x86_64
Compiling the C compiler identification source file "CMakeCCompilerId.c" succeeded.
Compiler: /usr/local/bin/gcc 
Build flags: 
Id flags:  

The output was:
0


Compilation of the C compiler identification source "CMakeCCompilerId.c" produced "a.out"

The C compiler identification is GNU, found in "/home/brain/botnix-discord-aegis/lib/websocketpp/build/CMakeFiles/3.16.0-rc2/CompilerIdC/a.out"

Compiling the CXX compiler identification source file "CMakeCXXCompilerId.cpp" succeeded.
Compiler: /usr/local/bin/g++ 
Build flags: 
Id flags:  

The output was:
0


Compilation of the CXX compiler identification source "CMakeCXXCompilerId.cpp" produced "a.out"

The CXX compiler identification is GNU, found in "/home/brain/botnix-discord-aegis/lib/websocketpp/build/CMakeFiles/3.16.0-rc2/CompilerIdCXX/a.out"

Determining if the C compiler works passed with the following output:
Change Dir: /home/brain/botnix-discord-aegis/lib/websocketpp/build/CMakeFiles/CMakeTmp

Run Build Command(s):/usr/bin/make cmTC_0e016/fast && /usr/bin/make -f CMakeFiles/cmTC_0e016.dir/build.make CMakeFiles/cmTC_0e016.dir/build
make[1]: Entering directory '/home/brain/botnix-discord-aegis/lib/websocketpp/build/CMakeFiles/CMakeTmp'
Building C object CMakeFiles/cmTC_0e016.dir/testCCompiler.c.o
/usr/local/bin/gcc    -o CMakeFiles/cmTC_0e016.dir/testCCompiler.c.o   -c /home/brain/botnix-discord-aegis/lib/websocketpp/build/CMakeFiles/CMakeTmp/testCCompiler.c
Linking C executable cmTC_0e016
/usr/local/bin/cmake -E cmake_link_script CMakeFiles/cmTC_0e016.dir/link.txt --verbose=1
/usr/local/bin/gcc      -rdynamic CMakeFiles/cmTC_0e016.dir/testCCompiler.c.o  -o cmTC_0e016 
make[1]: Leaving directory '/home/brain/botnix-discord-aegis/lib/websocketpp/build/CMakeFiles/CMakeTmp'



Detecting C compiler ABI info compiled with the following output:
Change Dir: /home/brain/botnix-discord-aegis/lib/websocketpp/build/CMakeFiles/CMakeTmp

Run Build Command(s):/usr/bin/make cmTC_eb930/fast && /usr/bin/make -f CMakeFiles/cmTC_eb930.dir/build.make CMakeFiles/cmTC_eb930.dir/build
make[1]: Entering directory '/home/brain/botnix-discord-aegis/lib/websocketpp/build/CMakeFiles/CMakeTmp'
Building C object CMakeFiles/cmTC_eb930.dir/CMakeCCompilerABI.c.o
/usr/local/bin/gcc   -v -o CMakeFiles/cmTC_eb930.dir/CMakeCCompilerABI.c.o   -c /usr/local/share/cmake-3.16/Modules/CMakeCCompilerABI.c
Using built-in specs.
COLLECT_GCC=/usr/local/bin/gcc
Target: x86_64-pc-linux-gnu
Configured with: /home/brain/gcc/configure --prefix=/usr/local --disable-multilib --enable-languages=c,c++
Thread model: posix
Supported LTO compression algorithms: zlib
gcc version 10.0.0 20191022 (experimental) (GCC) 
COLLECT_GCC_OPTIONS='-v' '-o' 'CMakeFiles/cmTC_eb930.dir/CMakeCCompilerABI.c.o' '-c' '-mtune=generic' '-march=x86-64'
 /usr/local/libexec/gcc/x86_64-pc-linux-gnu/10.0.0/cc1 -quiet -v -imultiarch x86_64-linux-gnu /usr/local/share/cmake-3.16/Modules/CMakeCCompilerABI.c -quiet -dumpbase CMakeCCompilerABI.c -mtune=generic -march=x86-64 -auxbase-strip CMakeFiles/cmTC_eb930.dir/CMakeCCompilerABI.c.o -version -o /tmp/ccG6i3QP.s
GNU C17 (GCC) version 10.0.0 20191022 (experimental) (x86_64-pc-linux-gnu)
	compiled by GNU C version 10.0.0 20191022 (experimental), GMP version 6.1.0, MPFR version 3.1.4, MPC version 1.0.3, isl version isl-0.18-GMP

GGC heuristics: --param ggc-min-expand=30 --param ggc-min-heapsize=4096
ignoring nonexistent directory "/usr/local/include/x86_64-linux-gnu"
ignoring nonexistent directory "/usr/local/lib/gcc/x86_64-pc-linux-gnu/10.0.0/../../../../x86_64-pc-linux-gnu/include"
#include "..." search starts here:
#include <...> search starts here:
 /usr/local/lib/gcc/x86_64-pc-linux-gnu/10.0.0/include
 /usr/local/include
 /usr/local/lib/gcc/x86_64-pc-linux-gnu/10.0.0/include-fixed
 /usr/include/x86_64-linux-gnu
 /usr/include
End of search list.
GNU C17 (GCC) version 10.0.0 20191022 (experimental) (x86_64-pc-linux-gnu)
	compiled by GNU C version 10.0.0 20191022 (experimental), GMP version 6.1.0, MPFR version 3.1.4, MPC version 1.0.3, isl version isl-0.18-GMP

GGC heuristics: --param ggc-min-expand=30 --param ggc-min-heapsize=4096
Compiler executable checksum: 637c26c00635fcece531ae5b5e98862a
COLLECT_GCC_OPTIONS='-v' '-o' 'CMakeFiles/cmTC_eb930.dir/CMakeCCompilerABI.c.o' '-c' '-mtune=generic' '-march=x86-64'
 as -v --64 -o CMakeFiles/cmTC_eb930.dir/CMakeCCompilerABI.c.o /tmp/ccG6i3QP.s
GNU assembler version 2.25 (x86_64-linux-gnu) using BFD version (GNU Binutils for Debian) 2.25
COMPILER_PATH=/usr/local/libexec/gcc/x86_64-pc-linux-gnu/10.0.0/:/usr/local/libexec/gcc/x86_64-pc-linux-gnu/10.0.0/:/usr/local/libexec/gcc/x86_64-pc-linux-gnu/:/usr/local/lib/gcc/x86_64-pc-linux-gnu/10.0.0/:/usr/local/lib/gcc/x86_64-pc-linux-gnu/
LIBRARY_PATH=/usr/local/lib/gcc/x86_64-pc-linux-gnu/10.0.0/:/usr/local/lib/gcc/x86_64-pc-linux-gnu/10.0.0/../../../x86_64-linux-gnu/:/usr/local/lib/gcc/x86_64-pc-linux-gnu/10.0.0/../../../../lib64/:/lib/x86_64-linux-gnu/:/lib/../lib64/:/usr/lib/x86_64-linux-gnu/:/usr/local/lib/gcc/x86_64-pc-linux-gnu/10.0.0/../../../:/lib/:/usr/lib/
COLLECT_GCC_OPTIONS='-v' '-o' 'CMakeFiles/cmTC_eb930.dir/CMakeCCompilerABI.c.o' '-c' '-mtune=generic' '-march=x86-64'
Linking C executable cmTC_eb930
/usr/local/bin/cmake -E cmake_link_script CMakeFiles/cmTC_eb930.dir/link.txt --verbose=1
/usr/local/bin/gcc     -v -rdynamic CMakeFiles/cmTC_eb930.dir/CMakeCCompilerABI.c.o  -o cmTC_eb930 
Using built-in specs.
COLLECT_GCC=/usr/local/bin/gcc
COLLECT_LTO_WRAPPER=/usr/local/libexec/gcc/x86_64-pc-linux-gnu/10.0.0/lto-wrapper
Target: x86_64-pc-linux-gnu
Configured with: /home/brain/gcc/configure --prefix=/usr/local --disable-multilib --enable-languages=c,c++
Thread model: posix
Supported LTO compression algorithms: zlib
gcc version 10.0.0 20191022 (experimental) (GCC) 
COMPILER_PATH=/usr/local/libexec/gcc/x86_64-pc-linux-gnu/10.0.0/:/usr/local/libexec/gcc/x86_64-pc-linux-gnu/10.0.0/:/usr/local/libexec/gcc/x86_64-pc-linux-gnu/:/usr/local/lib/gcc/x86_64-pc-linux-gnu/10.0.0/:/usr/local/lib/gcc/x86_64-pc-linux-gnu/
LIBRARY_PATH=/usr/local/lib/gcc/x86_64-pc-linux-gnu/10.0.0/:/usr/local/lib/gcc/x86_64-pc-linux-gnu/10.0.0/../../../x86_64-linux-gnu/:/usr/local/lib/gcc/x86_64-pc-linux-gnu/10.0.0/../../../../lib64/:/lib/x86_64-linux-gnu/:/lib/../lib64/:/usr/lib/x86_64-linux-gnu/:/usr/local/lib/gcc/x86_64-pc-linux-gnu/10.0.0/../../../:/lib/:/usr/lib/
COLLECT_GCC_OPTIONS='-v' '-rdynamic' '-o' 'cmTC_eb930' '-mtune=generic' '-march=x86-64'
 /usr/local/libexec/gcc/x86_64-pc-linux-gnu/10.0.0/collect2 -plugin /usr/local/libexec/gcc/x86_64-pc-linux-gnu/10.0.0/liblto_plugin.so -plugin-opt=/usr/local/libexec/gcc/x86_64-pc-linux-gnu/10.0.0/lto-wrapper -plugin-opt=-fresolution=/tmp/ccwgi7iP.res -plugin-opt=-pass-through=-lgcc -plugin-opt=-pass-through=-lgcc_s -plugin-opt=-pass-through=-lc -plugin-opt=-pass-through=-lgcc -plugin-opt=-pass-through=-lgcc_s --eh-frame-hdr -m elf_x86_64 -export-dynamic -dynamic-linker /lib64/ld-linux-x86-64.so.2 -o cmTC_eb930 /usr/lib/x86_64-linux-gnu/crt1.o /usr/lib/x86_64-linux-gnu/crti.o /usr/local/lib/gcc/x86_64-pc-linux-gnu/10.0.0/crtbegin.o -L/usr/local/lib/gcc/x86_64-pc-linux-gnu/10.0.0 -L/usr/local/lib/gcc/x86_64-pc-linux-gnu/10.0.0/../../../x86_64-linux-gnu -L/usr/local/lib/gcc/x86_64-pc-linux-gnu/10.0.0/../../../../lib64 -L/lib/x86_64-linux-gnu -L/lib/../lib64 -L/usr/lib/x86_64-linux-gnu -L/usr/local/lib/gcc/x86_64-pc-linux-gnu/10.0.0/../../.. CMakeFiles/cmTC_eb930.dir/CMakeCCompilerABI.c.o -lgcc --as-needed -lgcc_s --no-as-needed -lc -lgcc --as-needed -lgcc_s --no-as-needed /usr/local/lib/gcc/x86_64-pc-linux-gnu/10.0.0/crtend.o /usr/lib/x86_64-linux-gnu/crtn.o
COLLECT_GCC_OPTIONS='-v' '-rdynamic' '-o' 'cmTC_eb930' '-mtune=generic' '-march=x86-64'
make[1]: Leaving directory '/home/brain/botnix-discord-aegis/lib/websocketpp/build/CMakeFiles/CMakeTmp'



Parsed C implicit include dir info from above output: rv=done
  found start of include info
  found start of implicit include info
    add: [/usr/local/lib/gcc/x86_64-pc-linux-gnu/10.0.0/include]
    add: [/usr/local/include]
    add: [/usr/local/lib/gcc/x86_64-pc-linux-gnu/10.0.0/include-fixed]
    add: [/usr/include/x86_64-linux-gnu]
    add: [/usr/include]
  end of search list found
  collapse include dir [/usr/local/lib/gcc/x86_64-pc-linux-gnu/10.0.0/include] ==> [/usr/local/lib/gcc/x86_64-pc-linux-gnu/10.0.0/include]
  collapse include dir [/usr/local/include] ==> [/usr/local/include]
  collapse include dir [/usr/local/lib/gcc/x86_64-pc-linux-gnu/10.0.0/include-fixed] ==> [/usr/local/lib/gcc/x86_64-pc-linux-gnu/10.0.0/include-fixed]
  collapse include dir [/usr/include/x86_64-linux-gnu] ==> [/usr/include/x86_64-linux-gnu]
  collapse include dir [/usr/include] ==> [/usr/include]
  implicit include dirs: [/usr/local/lib/gcc/x86_64-pc-linux-gnu/10.0.0/include;/usr/local/include;/usr/local/lib/gcc/x86_64-pc-linux-gnu/10.0.0/include-fixed;/usr/include/x86_64-linux-gnu;/usr/include]


Parsed C implicit link information from above output:
  link line regex: [^( *|.*[/\])(ld|CMAKE_LINK_STARTFILE-NOTFOUND|([^/\]+-)?ld|collect2)[^/\]*( |$)]
  ignore line: [Change Dir: /home/brain/botnix-discord-aegis/lib/websocketpp/build/CMakeFiles/CMakeTmp]
  ignore line: []
  ignore line: [Run Build Command(s):/usr/bin/make cmTC_eb930/fast && /usr/bin/make -f CMakeFiles/cmTC_eb930.dir/build.make CMakeFiles/cmTC_eb930.dir/build]
  ignore line: [make[1]: Entering directory '/home/brain/botnix-discord-aegis/lib/websocketpp/build/CMakeFiles/CMakeTmp']
  ignore line: [Building C object CMakeFiles/cmTC_eb930.dir/CMakeCCompilerABI.c.o]
  ignore line: [/usr/local/bin/gcc   -v -o CMakeFiles/cmTC_eb930.dir/CMakeCCompilerABI.c.o   -c /usr/local/share/cmake-3.16/Modules/CMakeCCompilerABI.c]
  ignore line: [Using built-in specs.]
  ignore line: [COLLECT_GCC=/usr/local/bin/gcc]
  ignore line: [Target: x86_64-pc-linux-gnu]
  ignore line: [Configured with: /home/brain/gcc/configure --prefix=/usr/local --disable-multilib --enable-languages=c c++]
  ignore line: [Thread model: posix]
  ignore line: [Supported LTO compression algorithms: zlib]
  ignore line: [gcc version 10.0.0 20191022 (experimental) (GCC) ]
  ignore line: [COLLECT_GCC_OPTIONS='-v' '-o' 'CMakeFiles/cmTC_eb930.dir/CMakeCCompilerABI.c.o' '-c' '-mtune=generic' '-march=x86-64']
  ignore line: [ /usr/local/libexec/gcc/x86_64-pc-linux-gnu/10.0.0/cc1 -quiet -v -imultiarch x86_64-linux-gnu /usr/local/share/cmake-3.16/Modules/CMakeCCompilerABI.c -quiet -dumpbase CMakeCCompilerABI.c -mtune=generic -march=x86-64 -auxbase-strip CMakeFiles/cmTC_eb930.dir/CMakeCCompilerABI.c.o -version -o /tmp/ccG6i3QP.s]
  ignore line: [GNU C17 (GCC) version 10.0.0 20191022 (experimental) (x86_64-pc-linux-gnu)]
  ignore line: [	compiled by GNU C version 10.0.0 20191022 (experimental)  GMP version 6.1.0  MPFR version 3.1.4  MPC version 1.0.3  isl version isl-0.18-GMP]
  ignore line: []
  ignore line: [GGC heuristics: --param ggc-min-expand=30 --param ggc-min-heapsize=4096]
  ignore line: [ignoring nonexistent directory "/usr/local/include/x86_64-linux-gnu"]
  ignore line: [ignoring nonexistent directory "/usr/local/lib/gcc/x86_64-pc-linux-gnu/10.0.0/../../../../x86_64-pc-linux-gnu/include"]
  ignore line: [#include "..." search starts here:]
  ignore line: [#include <...> search starts here:]
  ignore line: [ /usr/local/lib/gcc/x86_64-pc-linux-gnu/10.0.0/include]
  ignore line: [ /usr/local/include]
  ignore line: [ /usr/local/lib/gcc/x86_64-pc-linux-gnu/10.0.0/include-fixed]
  ignore line: [ /usr/include/x86_64-linux-gnu]
  ignore line: [ /usr/include]
  ignore line: [End of search list.]
  ignore line: [GNU C17 (GCC) version 10.0.0 20191022 (experimental) (x86_64-pc-linux-gnu)]
  ignore line: [	compiled by GNU C version 10.0.0 20191022 (experimental)  GMP version 6.1.0  MPFR version 3.1.4  MPC version 1.0.3  isl version isl-0.18-GMP]
  ignore line: []
  ignore line: [GGC heuristics: --param ggc-min-expand=30 --param ggc-min-heapsize=4096]
  ignore line: [Compiler executable checksum: 637c26c00635fcece531ae5b5e98862a]
  ignore line: [COLLECT_GCC_OPTIONS='-v' '-o' 'CMakeFiles/cmTC_eb930.dir/CMakeCCompilerABI.c.o' '-c' '-mtune=generic' '-march=x86-64']
  ignore line: [ as -v --64 -o CMakeFiles/cmTC_eb930.dir/CMakeCCompilerABI.c.o /tmp/ccG6i3QP.s]
  ignore line: [GNU assembler version 2.25 (x86_64-linux-gnu) using BFD version (GNU Binutils for Debian) 2.25]
  ignore line: [COMPILER_PATH=/usr/local/libexec/gcc/x86_64-pc-linux-gnu/10.0.0/:/usr/local/libexec/gcc/x86_64-pc-linux-gnu/10.0.0/:/usr/local/libexec/gcc/x86_64-pc-linux-gnu/:/usr/local/lib/gcc/x86_64-pc-linux-gnu/10.0.0/:/usr/local/lib/gcc/x86_64-pc-linux-gnu/]
  ignore line: [LIBRARY_PATH=/usr/local/lib/gcc/x86_64-pc-linux-gnu/10.0.0/:/usr/local/lib/gcc/x86_64-pc-linux-gnu/10.0.0/../../../x86_64-linux-gnu/:/usr/local/lib/gcc/x86_64-pc-linux-gnu/10.0.0/../../../../lib64/:/lib/x86_64-linux-gnu/:/lib/../lib64/:/usr/lib/x86_64-linux-gnu/:/usr/local/lib/gcc/x86_64-pc-linux-gnu/10.0.0/../../../:/lib/:/usr/lib/]
  ignore line: [COLLECT_GCC_OPTIONS='-v' '-o' 'CMakeFiles/cmTC_eb930.dir/CMakeCCompilerABI.c.o' '-c' '-mtune=generic' '-march=x86-64']
  ignore line: [Linking C executable cmTC_eb930]
  ignore line: [/usr/local/bin/cmake -E cmake_link_script CMakeFiles/cmTC_eb930.dir/link.txt --verbose=1]
  ignore line: [/usr/local/bin/gcc     -v -rdynamic CMakeFiles/cmTC_eb930.dir/CMakeCCompilerABI.c.o  -o cmTC_eb930 ]
  ignore line: [Using built-in specs.]
  ignore line: [COLLECT_GCC=/usr/local/bin/gcc]
  ignore line: [COLLECT_LTO_WRAPPER=/usr/local/libexec/gcc/x86_64-pc-linux-gnu/10.0.0/lto-wrapper]
  ignore line: [Target: x86_64-pc-linux-gnu]
  ignore line: [Configured with: /home/brain/gcc/configure --prefix=/usr/local --disable-multilib --enable-languages=c c++]
  ignore line: [Thread model: posix]
  ignore line: [Supported LTO compression algorithms: zlib]
  ignore line: [gcc version 10.0.0 20191022 (experimental) (GCC) ]
  ignore line: [COMPILER_PATH=/usr/local/libexec/gcc/x86_64-pc-linux-gnu/10.0.0/:/usr/local/libexec/gcc/x86_64-pc-linux-gnu/10.0.0/:/usr/local/libexec/gcc/x86_64-pc-linux-gnu/:/usr/local/lib/gcc/x86_64-pc-linux-gnu/10.0.0/:/usr/local/lib/gcc/x86_64-pc-linux-gnu/]
  ignore line: [LIBRARY_PATH=/usr/local/lib/gcc/x86_64-pc-linux-gnu/10.0.0/:/usr/local/lib/gcc/x86_64-pc-linux-gnu/10.0.0/../../../x86_64-linux-gnu/:/usr/local/lib/gcc/x86_64-pc-linux-gnu/10.0.0/../../../../lib64/:/lib/x86_64-linux-gnu/:/lib/../lib64/:/usr/lib/x86_64-linux-gnu/:/usr/local/lib/gcc/x86_64-pc-linux-gnu/10.0.0/../../../:/lib/:/usr/lib/]
  ignore line: [COLLECT_GCC_OPTIONS='-v' '-rdynamic' '-o' 'cmTC_eb930' '-mtune=generic' '-march=x86-64']
  link line: [ /usr/local/libexec/gcc/x86_64-pc-linux-gnu/10.0.0/collect2 -plugin /usr/local/libexec/gcc/x86_64-pc-linux-gnu/10.0.0/liblto_plugin.so -plugin-opt=/usr/local/libexec/gcc/x86_64-pc-linux-gnu/10.0.0/lto-wrapper -plugin-opt=-fresolution=/tmp/ccwgi7iP.res -plugin-opt=-pass-through=-lgcc -plugin-opt=-pass-through=-lgcc_s -plugin-opt=-pass-through=-lc -plugin-opt=-pass-through=-lgcc -plugin-opt=-pass-through=-lgcc_s --eh-frame-hdr -m elf_x86_64 -export-dynamic -dynamic-linker /lib64/ld-linux-x86-64.so.2 -o cmTC_eb930 /usr/lib/x86_64-linux-gnu/crt1.o /usr/lib/x86_64-linux-gnu/crti.o /usr/local/lib/gcc/x86_64-pc-linux-gnu/10.0.0/crtbegin.o -L/usr/local/lib/gcc/x86_64-pc-linux-gnu/10.0.0 -L/usr/local/lib/gcc/x86_64-pc-linux-gnu/10.0.0/../../../x86_64-linux-gnu -L/usr/local/lib/gcc/x86_64-pc-linux-gnu/10.0.0/../../../../lib64 -L/lib/x86_64-linux-gnu -L/lib/../lib64 -L/usr/lib/x86_64-linux-gnu -L/usr/local/lib/gcc/x86_64-pc-linux-gnu/10.0.0/../../.. CMakeFiles/cmTC_eb930.dir/CMakeCCompilerABI.c.o -lgcc --as-needed -lgcc_s --no-as-needed -lc -lgcc --as-needed -lgcc_s --no-as-needed /usr/local/lib/gcc/x86_64-pc-linux-gnu/10.0.0/crtend.o /usr/lib/x86_64-linux-gnu/crtn.o]
    arg [/usr/local/libexec/gcc/x86_64-pc-linux-gnu/10.0.0/collect2] ==> ignore
    arg [-plugin] ==> ignore
    arg [/usr/local/libexec/gcc/x86_64-pc-linux-gnu/10.0.0/liblto_plugin.so] ==> ignore
    arg [-plugin-opt=/usr/local/libexec/gcc/x86_64-pc-linux-gnu/10.0.0/lto-wrapper] ==> ignore
    arg [-plugin-opt=-fresolution=/tmp/ccwgi7iP.res] ==> ignore
    arg [-plugin-opt=-pass-through=-lgcc] ==> ignore
    arg [-plugin-opt=-pass-through=-lgcc_s] ==> ignore
    arg [-plugin-opt=-pass-through=-lc] ==> ignore
    arg [-plugin-opt=-pass-through=-lgcc] ==> ignore
    arg [-plugin-opt=-pass-through=-lgcc_s] ==> ignore
    arg [--eh-frame-hdr] ==> ignore
    arg [-m] ==> ignore
    arg [elf_x86_64] ==> ignore
    arg [-export-dynamic] ==> ignore
    arg [-dynamic-linker] ==> ignore
    arg [/lib64/ld-linux-x86-64.so.2] ==> ignore
    arg [-o] ==> ignore
    arg [cmTC_eb930] ==> ignore
    arg [/usr/lib/x86_64-linux-gnu/crt1.o] ==> ignore
    arg [/usr/lib/x86_64-linux-gnu/crti.o] ==> ignore
    arg [/usr/local/lib/gcc/x86_64-pc-linux-gnu/10.0.0/crtbegin.o] ==> ignore
    arg [-L/usr/local/lib/gcc/x86_64-pc-linux-gnu/10.0.0] ==> dir [/usr/local/lib/gcc/x86_64-pc-linux-gnu/10.0.0]
    arg [-L/usr/local/lib/gcc/x86_64-pc-linux-gnu/10.0.0/../../../x86_64-linux-gnu] ==> dir [/usr/local/lib/gcc/x86_64-pc-linux-gnu/10.0.0/../../../x86_64-linux-gnu]
    arg [-L/usr/local/lib/gcc/x86_64-pc-linux-gnu/10.0.0/../../../../lib64] ==> dir [/usr/local/lib/gcc/x86_64-pc-linux-gnu/10.0.0/../../../../lib64]
    arg [-L/lib/x86_64-linux-gnu] ==> dir [/lib/x86_64-linux-gnu]
    arg [-L/lib/../lib64] ==> dir [/lib/../lib64]
    arg [-L/usr/lib/x86_64-linux-gnu] ==> dir [/usr/lib/x86_64-linux-gnu]
    arg [-L/usr/local/lib/gcc/x86_64-pc-linux-gnu/10.0.0/../../..] ==> dir [/usr/local/lib/gcc/x86_64-pc-linux-gnu/10.0.0/../../..]
    arg [CMakeFiles/cmTC_eb930.dir/CMakeCCompilerABI.c.o] ==> ignore
    arg [-lgcc] ==> lib [gcc]
    arg [--as-needed] ==> ignore
    arg [-lgcc_s] ==> lib [gcc_s]
    arg [--no-as-needed] ==> ignore
    arg [-lc] ==> lib [c]
    arg [-lgcc] ==> lib [gcc]
    arg [--as-needed] ==> ignore
    arg [-lgcc_s] ==> lib [gcc_s]
    arg [--no-as-needed] ==> ignore
    arg [/usr/local/lib/gcc/x86_64-pc-linux-gnu/10.0.0/crtend.o] ==> ignore
    arg [/usr/lib/x86_64-linux-gnu/crtn.o] ==> ignore
  collapse library dir [/usr/local/lib/gcc/x86_64-pc-linux-gnu/10.0.0] ==> [/usr/local/lib/gcc/x86_64-pc-linux-gnu/10.0.0]
  collapse library dir [/usr/local/lib/gcc/x86_64-pc-linux-gnu/10.0.0/../../../x86_64-linux-gnu] ==> [/usr/local/lib/x86_64-linux-gnu]
  collapse library dir [/usr/local/lib/gcc/x86_64-pc-linux-gnu/10.0.0/../../../../lib64] ==> [/usr/local/lib64]
  collapse library dir [/lib/x86_64-linux-gnu] ==> [/lib/x86_64-linux-gnu]
  collapse library dir [/lib/../lib64] ==> [/lib64]
  collapse library dir [/usr/lib/x86_64-linux-gnu] ==> [/usr/lib/x86_64-linux-gnu]
  collapse library dir [/usr/local/lib/gcc/x86_64-pc-linux-gnu/10.0.0/../../..] ==> [/usr/local/lib]
  implicit libs: [gcc;gcc_s;c;gcc;gcc_s]
  implicit dirs: [/usr/local/lib/gcc/x86_64-pc-linux-gnu/10.0.0;/usr/local/lib/x86_64-linux-gnu;/usr/local/lib64;/lib/x86_64-linux-gnu;/lib64;/usr/lib/x86_64-linux-gnu;/usr/local/lib]
  implicit fwks: []


Determining if the CXX compiler works passed with the following output:
Change Dir: /home/brain/botnix-discord-aegis/lib/websocketpp/build/CMakeFiles/CMakeTmp

Run Build Command(s):/usr/bin/make cmTC_18804/fast && /usr/bin/make -f CMakeFiles/cmTC_18804.dir/build.make CMakeFiles/cmTC_18804.dir/build
make[1]: Entering directory '/home/brain/botnix-discord-aegis/lib/websocketpp/build/CMakeFiles/CMakeTmp'
Building CXX object CMakeFiles/cmTC_18804.dir/testCXXCompiler.cxx.o
/usr/local/bin/g++     -o CMakeFiles/cmTC_18804.dir/testCXXCompiler.cxx.o -c /home/brain/botnix-discord-aegis/lib/websocketpp/build/CMakeFiles/CMakeTmp/testCXXCompiler.cxx
Linking CXX executable cmTC_18804
/usr/local/bin/cmake -E cmake_link_script CMakeFiles/cmTC_18804.dir/link.txt --verbose=1
/usr/local/bin/g++       -rdynamic CMakeFiles/cmTC_18804.dir/testCXXCompiler.cxx.o  -o cmTC_18804 
make[1]: Leaving directory '/home/brain/botnix-discord-aegis/lib/websocketpp/build/CMakeFiles/CMakeTmp'



Detecting CXX compiler ABI info compiled with the following output:
Change Dir: /home/brain/botnix-discord-aegis/lib/websocketpp/build/CMakeFiles/CMakeTmp

Run Build Command(s):/usr/bin/make cmTC_6cd65/fast && /usr/bin/make -f CMakeFiles/cmTC_6cd65.dir/build.make CMakeFiles/cmTC_6cd65.dir/build
make[1]: Entering directory '/home/brain/botnix-discord-aegis/lib/websocketpp/build/CMakeFiles/CMakeTmp'
Building CXX object CMakeFiles/cmTC_6cd65.dir/CMakeCXXCompilerABI.cpp.o
/usr/local/bin/g++    -v -o CMakeFiles/cmTC_6cd65.dir/CMakeCXXCompilerABI.cpp.o -c /usr/local/share/cmake-3.16/Modules/CMakeCXXCompilerABI.cpp
Using built-in specs.
COLLECT_GCC=/usr/local/bin/g++
Target: x86_64-pc-linux-gnu
Configured with: /home/brain/gcc/configure --prefix=/usr/local --disable-multilib --enable-languages=c,c++
Thread model: posix
Supported LTO compression algorithms: zlib
gcc version 10.0.0 20191022 (experimental) (GCC) 
COLLECT_GCC_OPTIONS='-v' '-o' 'CMakeFiles/cmTC_6cd65.dir/CMakeCXXCompilerABI.cpp.o' '-c' '-shared-libgcc' '-mtune=generic' '-march=x86-64'
 /usr/local/libexec/gcc/x86_64-pc-linux-gnu/10.0.0/cc1plus -quiet -v -imultiarch x86_64-linux-gnu -D_GNU_SOURCE /usr/local/share/cmake-3.16/Modules/CMakeCXXCompilerABI.cpp -quiet -dumpbase CMakeCXXCompilerABI.cpp -mtune=generic -march=x86-64 -auxbase-strip CMakeFiles/cmTC_6cd65.dir/CMakeCXXCompilerABI.cpp.o -version -o /tmp/ccTukkO0.s
GNU C++14 (GCC) version 10.0.0 20191022 (experimental) (x86_64-pc-linux-gnu)
	compiled by GNU C version 10.0.0 20191022 (experimental), GMP version 6.1.0, MPFR version 3.1.4, MPC version 1.0.3, isl version isl-0.18-GMP

GGC heuristics: --param ggc-min-expand=30 --param ggc-min-heapsize=4096
ignoring nonexistent directory "/usr/local/include/x86_64-linux-gnu"
ignoring nonexistent directory "/usr/local/lib/gcc/x86_64-pc-linux-gnu/10.0.0/../../../../x86_64-pc-linux-gnu/include"
#include "..." search starts here:
#include <...> search starts here:
 /usr/local/lib/gcc/x86_64-pc-linux-gnu/10.0.0/../../../../include/c++/10.0.0
 /usr/local/lib/gcc/x86_64-pc-linux-gnu/10.0.0/../../../../include/c++/10.0.0/x86_64-pc-linux-gnu
 /usr/local/lib/gcc/x86_64-pc-linux-gnu/10.0.0/../../../../include/c++/10.0.0/backward
 /usr/local/lib/gcc/x86_64-pc-linux-gnu/10.0.0/include
 /usr/local/include
 /usr/local/lib/gcc/x86_64-pc-linux-gnu/10.0.0/include-fixed
 /usr/include/x86_64-linux-gnu
 /usr/include
End of search list.
GNU C++14 (GCC) version 10.0.0 20191022 (experimental) (x86_64-pc-linux-gnu)
	compiled by GNU C version 10.0.0 20191022 (experimental), GMP version 6.1.0, MPFR version 3.1.4, MPC version 1.0.3, isl version isl-0.18-GMP

GGC heuristics: --param ggc-min-expand=30 --param ggc-min-heapsize=4096
Compiler executable checksum: a82c83174d8d9a8482bba605c734a5c4
COLLECT_GCC_OPTIONS='-v' '-o' 'CMakeFiles/cmTC_6cd65.dir/CMakeCXXCompilerABI.cpp.o' '-c' '-shared-libgcc' '-mtune=generic' '-march=x86-64'
 as -v --64 -o CMakeFiles/cmTC_6cd65.dir/CMakeCXXCompilerABI.cpp.o /tmp/ccTukkO0.s
GNU assembler version 2.25 (x86_64-linux-gnu) using BFD version (GNU Binutils for Debian) 2.25
COMPILER_PATH=/usr/local/libexec/gcc/x86_64-pc-linux-gnu/10.0.0/:/usr/local/libexec/gcc/x86_64-pc-linux-gnu/10.0.0/:/usr/local/libexec/gcc/x86_64-pc-linux-gnu/:/usr/local/lib/gcc/x86_64-pc-linux-gnu/10.0.0/:/usr/local/lib/gcc/x86_64-pc-linux-gnu/
LIBRARY_PATH=/usr/local/lib/gcc/x86_64-pc-linux-gnu/10.0.0/:/usr/local/lib/gcc/x86_64-pc-linux-gnu/10.0.0/../../../x86_64-linux-gnu/:/usr/local/lib/gcc/x86_64-pc-linux-gnu/10.0.0/../../../../lib64/:/lib/x86_64-linux-gnu/:/lib/../lib64/:/usr/lib/x86_64-linux-gnu/:/usr/local/lib/gcc/x86_64-pc-linux-gnu/10.0.0/../../../:/lib/:/usr/lib/
COLLECT_GCC_OPTIONS='-v' '-o' 'CMakeFiles/cmTC_6cd65.dir/CMakeCXXCompilerABI.cpp.o' '-c' '-shared-libgcc' '-mtune=generic' '-march=x86-64'
Linking CXX executable cmTC_6cd65
/usr/local/bin/cmake -E cmake_link_script CMakeFiles/cmTC_6cd65.dir/link.txt --verbose=1
/usr/local/bin/g++      -v -rdynamic CMakeFiles/cmTC_6cd65.dir/CMakeCXXCompilerABI.cpp.o  -o cmTC_6cd65 
Using built-in specs.
COLLECT_GCC=/usr/local/bin/g++
COLLECT_LTO_WRAPPER=/usr/local/libexec/gcc/x86_64-pc-linux-gnu/10.0.0/lto-wrapper
Target: x86_64-pc-linux-gnu
Configured with: /home/brain/gcc/configure --prefix=/usr/local --disable-multilib --enable-languages=c,c++
Thread model: posix
Supported LTO compression algorithms: zlib
gcc version 10.0.0 20191022 (experimental) (GCC) 
COMPILER_PATH=/usr/local/libexec/gcc/x86_64-pc-linux-gnu/10.0.0/:/usr/local/libexec/gcc/x86_64-pc-linux-gnu/10.0.0/:/usr/local/libexec/gcc/x86_64-pc-linux-gnu/:/usr/local/lib/gcc/x86_64-pc-linux-gnu/10.0.0/:/usr/local/lib/gcc/x86_64-pc-linux-gnu/
LIBRARY_PATH=/usr/local/lib/gcc/x86_64-pc-linux-gnu/10.0.0/:/usr/local/lib/gcc/x86_64-pc-linux-gnu/10.0.0/../../../x86_64-linux-gnu/:/usr/local/lib/gcc/x86_64-pc-linux-gnu/10.0.0/../../../../lib64/:/lib/x86_64-linux-gnu/:/lib/../lib64/:/usr/lib/x86_64-linux-gnu/:/usr/local/lib/gcc/x86_64-pc-linux-gnu/10.0.0/../../../:/lib/:/usr/lib/
COLLECT_GCC_OPTIONS='-v' '-rdynamic' '-o' 'cmTC_6cd65' '-shared-libgcc' '-mtune=generic' '-march=x86-64'
 /usr/local/libexec/gcc/x86_64-pc-linux-gnu/10.0.0/collect2 -plugin /usr/local/libexec/gcc/x86_64-pc-linux-gnu/10.0.0/liblto_plugin.so -plugin-opt=/usr/local/libexec/gcc/x86_64-pc-linux-gnu/10.0.0/lto-wrapper -plugin-opt=-fresolution=/tmp/ccgxiuG3.res -plugin-opt=-pass-through=-lgcc_s -plugin-opt=-pass-through=-lgcc -plugin-opt=-pass-through=-lc -plugin-opt=-pass-through=-lgcc_s -plugin-opt=-pass-through=-lgcc --eh-frame-hdr -m elf_x86_64 -export-dynamic -dynamic-linker /lib64/ld-linux-x86-64.so.2 -o cmTC_6cd65 /usr/lib/x86_64-linux-gnu/crt1.o /usr/lib/x86_64-linux-gnu/crti.o /usr/local/lib/gcc/x86_64-pc-linux-gnu/10.0.0/crtbegin.o -L/usr/local/lib/gcc/x86_64-pc-linux-gnu/10.0.0 -L/usr/local/lib/gcc/x86_64-pc-linux-gnu/10.0.0/../../../x86_64-linux-gnu -L/usr/local/lib/gcc/x86_64-pc-linux-gnu/10.0.0/../../../../lib64 -L/lib/x86_64-linux-gnu -L/lib/../lib64 -L/usr/lib/x86_64-linux-gnu -L/usr/local/lib/gcc/x86_64-pc-linux-gnu/10.0.0/../../.. CMakeFiles/cmTC_6cd65.dir/CMakeCXXCompilerABI.cpp.o -lstdc++ -lm -lgcc_s -lgcc -lc -lgcc_s -lgcc /usr/local/lib/gcc/x86_64-pc-linux-gnu/10.0.0/crtend.o /usr/lib/x86_64-linux-gnu/crtn.o
COLLECT_GCC_OPTIONS='-v' '-rdynamic' '-o' 'cmTC_6cd65' '-shared-libgcc' '-mtune=generic' '-march=x86-64'
make[1]: Leaving directory '/home/brain/botnix-discord-aegis/lib/websocketpp/build/CMakeFiles/CMakeTmp'



Parsed CXX implicit include dir info from above output: rv=done
  found start of include info
  found start of implicit include info
    add: [/usr/local/lib/gcc/x86_64-pc-linux-gnu/10.0.0/../../../../include/c++/10.0.0]
    add: [/usr/local/lib/gcc/x86_64-pc-linux-gnu/10.0.0/../../../../include/c++/10.0.0/x86_64-pc-linux-gnu]
    add: [/usr/local/lib/gcc/x86_64-pc-linux-gnu/10.0.0/../../../../include/c++/10.0.0/backward]
    add: [/usr/local/lib/gcc/x86_64-pc-linux-gnu/10.0.0/include]
    add: [/usr/local/include]
    add: [/usr/local/lib/gcc/x86_64-pc-linux-gnu/10.0.0/include-fixed]
    add: [/usr/include/x86_64-linux-gnu]
    add: [/usr/include]
  end of search list found
  collapse include dir [/usr/local/lib/gcc/x86_64-pc-linux-gnu/10.0.0/../../../../include/c++/10.0.0] ==> [/usr/local/include/c++/10.0.0]
  collapse include dir [/usr/local/lib/gcc/x86_64-pc-linux-gnu/10.0.0/../../../../include/c++/10.0.0/x86_64-pc-linux-gnu] ==> [/usr/local/include/c++/10.0.0/x86_64-pc-linux-gnu]
  collapse include dir [/usr/local/lib/gcc/x86_64-pc-linux-gnu/10.0.0/../../../../include/c++/10.0.0/backward] ==> [/usr/local/include/c++/10.0.0/backward]
  collapse include dir [/usr/local/lib/gcc/x86_64-pc-linux-gnu/10.0.0/include] ==> [/usr/local/lib/gcc/x86_64-pc-linux-gnu/10.0.0/include]
  collapse include dir [/usr/local/include] ==> [/usr/local/include]
  collapse include dir [/usr/local/lib/gcc/x86_64-pc-linux-gnu/10.0.0/include-fixed] ==> [/usr/local/lib/gcc/x86_64-pc-linux-gnu/10.0.0/include-fixed]
  collapse include dir [/usr/include/x86_64-linux-gnu] ==> [/usr/include/x86_64-linux-gnu]
  collapse include dir [/usr/include] ==> [/usr/include]
  implicit include dirs: [/usr/local/include/c++/10.0.0;/usr/local/include/c++/10.0.0/x86_64-pc-linux-gnu;/usr/local/include/c++/10.0.0/backward;/usr/local/lib/gcc/x86_64-pc-linux-gnu/10.0.0/include;/usr/local/include;/usr/local/lib/gcc/x86_64-pc-linux-gnu/10.0.0/include-fixed;/usr/include/x86_64-linux-gnu;/usr/include]


Parsed CXX implicit link information from above output:
  link line regex: [^( *|.*[/\])(ld|CMAKE_LINK_STARTFILE-NOTFOUND|([^/\]+-)?ld|collect2)[^/\]*( |$)]
  ignore line: [Change Dir: /home/brain/botnix-discord-aegis/lib/websocketpp/build/CMakeFiles/CMakeTmp]
  ignore line: []
  ignore line: [Run Build Command(s):/usr/bin/make cmTC_6cd65/fast && /usr/bin/make -f CMakeFiles/cmTC_6cd65.dir/build.make CMakeFiles/cmTC_6cd65.dir/build]
  ignore line: [make[1]: Entering directory '/home/brain/botnix-discord-aegis/lib/websocketpp/build/CMakeFiles/CMakeTmp']
  ignore line: [Building CXX object CMakeFiles/cmTC_6cd65.dir/CMakeCXXCompilerABI.cpp.o]
  ignore line: [/usr/local/bin/g++    -v -o CMakeFiles/cmTC_6cd65.dir/CMakeCXXCompilerABI.cpp.o -c /usr/local/share/cmake-3.16/Modules/CMakeCXXCompilerABI.cpp]
  ignore line: [Using built-in specs.]
  ignore line: [COLLECT_GCC=/usr/local/bin/g++]
  ignore line: [Target: x86_64-pc-linux-gnu]
  ignore line: [Configured with: /home/brain/gcc/configure --prefix=/usr/local --disable-multilib --enable-languages=c c++]
  ignore line: [Thread model: posix]
  ignore line: [Supported LTO compression algorithms: zlib]
  ignore line: [gcc version 10.0.0 20191022 (experimental) (GCC) ]
  ignore line: [COLLECT_GCC_OPTIONS='-v' '-o' 'CMakeFiles/cmTC_6cd65.dir/CMakeCXXCompilerABI.cpp.o' '-c' '-shared-libgcc' '-mtune=generic' '-march=x86-64']
  ignore line: [ /usr/local/libexec/gcc/x86_64-pc-linux-gnu/10.0.0/cc1plus -quiet -v -imultiarch x86_64-linux-gnu -D_GNU_SOURCE /usr/local/share/cmake-3.16/Modules/CMakeCXXCompilerABI.cpp -quiet -dumpbase CMakeCXXCompilerABI.cpp -mtune=generic -march=x86-64 -auxbase-strip CMakeFiles/cmTC_6cd65.dir/CMakeCXXCompilerABI.cpp.o -version -o /tmp/ccTukkO0.s]
  ignore line: [GNU C++14 (GCC) version 10.0.0 20191022 (experimental) (x86_64-pc-linux-gnu)]
  ignore line: [	compiled by GNU C version 10.0.0 20191022 (experimental)  GMP version 6.1.0  MPFR version 3.1.4  MPC version 1.0.3  isl version isl-0.18-GMP]
  ignore line: []
  ignore line: [GGC heuristics: --param ggc-min-expand=30 --param ggc-min-heapsize=4096]
  ignore line: [ignoring nonexistent directory "/usr/local/include/x86_64-linux-gnu"]
  ignore line: [ignoring nonexistent directory "/usr/local/lib/gcc/x86_64-pc-linux-gnu/10.0.0/../../../../x86_64-pc-linux-gnu/include"]
  ignore line: [#include "..." search starts here:]
  ignore line: [#include <...> search starts here:]
  ignore line: [ /usr/local/lib/gcc/x86_64-pc-linux-gnu/10.0.0/../../../../include/c++/10.0.0]
  ignore line: [ /usr/local/lib/gcc/x86_64-pc-linux-gnu/10.0.0/../../../../include/c++/10.0.0/x86_64-pc-linux-gnu]
  ignore line: [ /usr/local/lib/gcc/x86_64-pc-linux-gnu/10.0.0/../../../../include/c++/10.0.0/backward]
  ignore line: [ /usr/local/lib/gcc/x86_64-pc-linux-gnu/10.0.0/include]
  ignore line: [ /usr/local/include]
  ignore line: [ /usr/local/lib/gcc/x86_64-pc-linux-gnu/10.0.0/include-fixed]
  ignore line: [ /usr/include/x86_64-linux-gnu]
  ignore line: [ /usr/include]
  ignore line: [End of search list.]
  ignore line: [GNU C++14 (GCC) version 10.0.0 20191022 (experimental) (x86_64-pc-linux-gnu)]
  ignore line: [	compiled by GNU C version 10.0.0 20191022 (experimental)  GMP version 6.1.0  MPFR version 3.1.4  MPC version 1.0.3  isl version isl-0.18-GMP]
  ignore line: []
  ignore line: [GGC heuristics: --param ggc-min-expand=30 --param ggc-min-heapsize=4096]
  ignore line: [Compiler executable checksum: a82c83174d8d9a8482bba605c734a5c4]
  ignore line: [COLLECT_GCC_OPTIONS='-v' '-o' 'CMakeFiles/cmTC_6cd65.dir/CMakeCXXCompilerABI.cpp.o' '-c' '-shared-libgcc' '-mtune=generic' '-march=x86-64']
  ignore line: [ as -v --64 -o CMakeFiles/cmTC_6cd65.dir/CMakeCXXCompilerABI.cpp.o /tmp/ccTukkO0.s]
  ignore line: [GNU assembler version 2.25 (x86_64-linux-gnu) using BFD version (GNU Binutils for Debian) 2.25]
  ignore line: [COMPILER_PATH=/usr/local/libexec/gcc/x86_64-pc-linux-gnu/10.0.0/:/usr/local/libexec/gcc/x86_64-pc-linux-gnu/10.0.0/:/usr/local/libexec/gcc/x86_64-pc-linux-gnu/:/usr/local/lib/gcc/x86_64-pc-linux-gnu/10.0.0/:/usr/local/lib/gcc/x86_64-pc-linux-gnu/]
  ignore line: [LIBRARY_PATH=/usr/local/lib/gcc/x86_64-pc-linux-gnu/10.0.0/:/usr/local/lib/gcc/x86_64-pc-linux-gnu/10.0.0/../../../x86_64-linux-gnu/:/usr/local/lib/gcc/x86_64-pc-linux-gnu/10.0.0/../../../../lib64/:/lib/x86_64-linux-gnu/:/lib/../lib64/:/usr/lib/x86_64-linux-gnu/:/usr/local/lib/gcc/x86_64-pc-linux-gnu/10.0.0/../../../:/lib/:/usr/lib/]
  ignore line: [COLLECT_GCC_OPTIONS='-v' '-o' 'CMakeFiles/cmTC_6cd65.dir/CMakeCXXCompilerABI.cpp.o' '-c' '-shared-libgcc' '-mtune=generic' '-march=x86-64']
  ignore line: [Linking CXX executable cmTC_6cd65]
  ignore line: [/usr/local/bin/cmake -E cmake_link_script CMakeFiles/cmTC_6cd65.dir/link.txt --verbose=1]
  ignore line: [/usr/local/bin/g++      -v -rdynamic CMakeFiles/cmTC_6cd65.dir/CMakeCXXCompilerABI.cpp.o  -o cmTC_6cd65 ]
  ignore line: [Using built-in specs.]
  ignore line: [COLLECT_GCC=/usr/local/bin/g++]
  ignore line: [COLLECT_LTO_WRAPPER=/usr/local/libexec/gcc/x86_64-pc-linux-gnu/10.0.0/lto-wrapper]
  ignore line: [Target: x86_64-pc-linux-gnu]
  ignore line: [Configured with: /home/brain/gcc/configure --prefix=/usr/local --disable-multilib --enable-languages=c c++]
  ignore line: [Thread model: posix]
  ignore line: [Supported LTO compression algorithms: zlib]
  ignore line: [gcc version 10.0.0 20191022 (experimental) (GCC) ]
  ignore line: [COMPILER_PATH=/usr/local/libexec/gcc/x86_64-pc-linux-gnu/10.0.0/:/usr/local/libexec/gcc/x86_64-pc-linux-gnu/10.0.0/:/usr/local/libexec/gcc/x86_64-pc-linux-gnu/:/usr/local/lib/gcc/x86_64-pc-linux-gnu/10.0.0/:/usr/local/lib/gcc/x86_64-pc-linux-gnu/]
  ignore line: [LIBRARY_PATH=/usr/local/lib/gcc/x86_64-pc-linux-gnu/10.0.0/:/usr/local/lib/gcc/x86_64-pc-linux-gnu/10.0.0/../../../x86_64-linux-gnu/:/usr/local/lib/gcc/x86_64-pc-linux-gnu/10.0.0/../../../../lib64/:/lib/x86_64-linux-gnu/:/lib/../lib64/:/usr/lib/x86_64-linux-gnu/:/usr/local/lib/gcc/x86_64-pc-linux-gnu/10.0.0/../../../:/lib/:/usr/lib/]
  ignore line: [COLLECT_GCC_OPTIONS='-v' '-rdynamic' '-o' 'cmTC_6cd65' '-shared-libgcc' '-mtune=generic' '-march=x86-64']
  link line: [ /usr/local/libexec/gcc/x86_64-pc-linux-gnu/10.0.0/collect2 -plugin /usr/local/libexec/gcc/x86_64-pc-linux-gnu/10.0.0/liblto_plugin.so -plugin-opt=/usr/local/libexec/gcc/x86_64-pc-linux-gnu/10.0.0/lto-wrapper -plugin-opt=-fresolution=/tmp/ccgxiuG3.res -plugin-opt=-pass-through=-lgcc_s -plugin-opt=-pass-through=-lgcc -plugin-opt=-pass-through=-lc -plugin-opt=-pass-through=-lgcc_s -plugin-opt=-pass-through=-lgcc --eh-frame-hdr -m elf_x86_64 -export-dynamic -dynamic-linker /lib64/ld-linux-x86-64.so.2 -o cmTC_6cd65 /usr/lib/x86_64-linux-gnu/crt1.o /usr/lib/x86_64-linux-gnu/crti.o /usr/local/lib/gcc/x86_64-pc-linux-gnu/10.0.0/crtbegin.o -L/usr/local/lib/gcc/x86_64-pc-linux-gnu/10.0.0 -L/usr/local/lib/gcc/x86_64-pc-linux-gnu/10.0.0/../../../x86_64-linux-gnu -L/usr/local/lib/gcc/x86_64-pc-linux-gnu/10.0.0/../../../../lib64 -L/lib/x86_64-linux-gnu -L/lib/../lib64 -L/usr/lib/x86_64-linux-gnu -L/usr/local/lib/gcc/x86_64-pc-linux-gnu/10.0.0/../../.. CMakeFiles/cmTC_6cd65.dir/CMakeCXXCompilerABI.cpp.o -lstdc++ -lm -lgcc_s -lgcc -lc -lgcc_s -lgcc /usr/local/lib/gcc/x86_64-pc-linux-gnu/10.0.0/crtend.o /usr/lib/x86_64-linux-gnu/crtn.o]
    arg [/usr/local/libexec/gcc/x86_64-pc-linux-gnu/10.0.0/collect2] ==> ignore
    arg [-plugin] ==> ignore
    arg [/usr/local/libexec/gcc/x86_64-pc-linux-gnu/10.0.0/liblto_plugin.so] ==> ignore
    arg [-plugin-opt=/usr/local/libexec/gcc/x86_64-pc-linux-gnu/10.0.0/lto-wrapper] ==> ignore
    arg [-plugin-opt=-fresolution=/tmp/ccgxiuG3.res] ==> ignore
    arg [-plugin-opt=-pass-through=-lgcc_s] ==> ignore
    arg [-plugin-opt=-pass-through=-lgcc] ==> ignore
    arg [-plugin-opt=-pass-through=-lc] ==> ignore
    arg [-plugin-opt=-pass-through=-lgcc_s] ==> ignore
    arg [-plugin-opt=-pass-through=-lgcc] ==> ignore
    arg [--eh-frame-hdr] ==> ignore
    arg [-m] ==> ignore
    arg [elf_x86_64] ==> ignore
    arg [-export-dynamic] ==> ignore
    arg [-dynamic-linker] ==> ignore
    arg [/lib64/ld-linux-x86-64.so.2] ==> ignore
    arg [-o] ==> ignore
    arg [cmTC_6cd65] ==> ignore
    arg [/usr/lib/x86_64-linux-gnu/crt1.o] ==> ignore
    arg [/usr/lib/x86_64-linux-gnu/crti.o] ==> ignore
    arg [/usr/local/lib/gcc/x86_64-pc-linux-gnu/10.0.0/crtbegin.o] ==> ignore
    arg [-L/usr/local/lib/gcc/x86_64-pc-linux-gnu/10.0.0] ==> dir [/usr/local/lib/gcc/x86_64-pc-linux-gnu/10.0.0]
    arg [-L/usr/local/lib/gcc/x86_64-pc-linux-gnu/10.0.0/../../../x86_64-linux-gnu] ==> dir [/usr/local/lib/gcc/x86_64-pc-linux-gnu/10.0.0/../../../x86_64-linux-gnu]
    arg [-L/usr/local/lib/gcc/x86_64-pc-linux-gnu/10.0.0/../../../../lib64] ==> dir [/usr/local/lib/gcc/x86_64-pc-linux-gnu/10.0.0/../../../../lib64]
    arg [-L/lib/x86_64-linux-gnu] ==> dir [/lib/x86_64-linux-gnu]
    arg [-L/lib/../lib64] ==> dir [/lib/../lib64]
    arg [-L/usr/lib/x86_64-linux-gnu] ==> dir [/usr/lib/x86_64-linux-gnu]
    arg [-L/usr/local/lib/gcc/x86_64-pc-linux-gnu/10.0.0/../../..] ==> dir [/usr/local/lib/gcc/x86_64-pc-linux-gnu/10.0.0/../../..]
    arg [CMakeFiles/cmTC_6cd65.dir/CMakeCXXCompilerABI.cpp.o] ==> ignore
    arg [-lstdc++] ==> lib [stdc++]
    arg [-lm] ==> lib [m]
    arg [-lgcc_s] ==> lib [gcc_s]
    arg [-lgcc] ==> lib [gcc]
    arg [-lc] ==> lib [c]
    arg [-lgcc_s] ==> lib [gcc_s]
    arg [-lgcc] ==> lib [gcc]
    arg [/usr/local/lib/gcc/x86_64-pc-linux-gnu/10.0.0/crtend.o] ==> ignore
    arg [/usr/lib/x86_64-linux-gnu/crtn.o] ==> ignore
  collapse library dir [/usr/local/lib/gcc/x86_64-pc-linux-gnu/10.0.0] ==> [/usr/local/lib/gcc/x86_64-pc-linux-gnu/10.0.0]
  collapse library dir [/usr/local/lib/gcc/x86_64-pc-linux-gnu/10.0.0/../../../x86_64-linux-gnu] ==> [/usr/local/lib/x86_64-linux-gnu]
  collapse library dir [/usr/local/lib/gcc/x86_64-pc-linux-gnu/10.0.0/../../../../lib64] ==> [/usr/local/lib64]
  collapse library dir [/lib/x86_64-linux-gnu] ==> [/lib/x86_64-linux-gnu]
  collapse library dir [/lib/../lib64] ==> [/lib64]
  collapse library dir [/usr/lib/x86_64-linux-gnu] ==> [/usr/lib/x86_64-linux-gnu]
  collapse library dir [/usr/local/lib/gcc/x86_64-pc-linux-gnu/10.0.0/../../..] ==> [/usr/local/lib]
  implicit libs: [stdc++;m;gcc_s;gcc;c;gcc_s;gcc]
  implicit dirs: [/usr/local/lib/gcc/x86_64-pc-linux-gnu/10.0.0;/usr/local/lib/x86_64-linux-gnu;/usr/local/lib64;/lib/x86_64-linux-gnu;/lib64;/usr/lib/x86_64-linux-gnu;/usr/local/lib]
  implicit fwks: []


