Performing C++ SOURCE FILE Test CMAKE_HAVE_LIBC_PTHREAD failed with the following output:
Change Dir: /home/brain/aegis.cpp/lib/spdlog/build/CMakeFiles/CMakeTmp

Run Build Command(s):/usr/bin/make cmTC_69c0f/fast && /usr/bin/make -f CMakeFiles/cmTC_69c0f.dir/build.make CMakeFiles/cmTC_69c0f.dir/build
make[1]: Entering directory '/home/brain/aegis.cpp/lib/spdlog/build/CMakeFiles/CMakeTmp'
Building CXX object CMakeFiles/cmTC_69c0f.dir/src.cxx.o
/usr/bin/c++    -Wall -O3  -DCMAKE_HAVE_LIBC_PTHREAD   -o CMakeFiles/cmTC_69c0f.dir/src.cxx.o -c /home/brain/aegis.cpp/lib/spdlog/build/CMakeFiles/CMakeTmp/src.cxx
Linking CXX executable cmTC_69c0f
/usr/local/bin/cmake -E cmake_link_script CMakeFiles/cmTC_69c0f.dir/link.txt --verbose=1
/usr/bin/c++  -Wall -O3  -DCMAKE_HAVE_LIBC_PTHREAD    -rdynamic CMakeFiles/cmTC_69c0f.dir/src.cxx.o  -o cmTC_69c0f 
CMakeFiles/cmTC_69c0f.dir/src.cxx.o: In function `main':
src.cxx:(.text.startup+0x13): undefined reference to `pthread_create'
src.cxx:(.text.startup+0x1d): undefined reference to `pthread_detach'
src.cxx:(.text.startup+0x29): undefined reference to `pthread_join'
src.cxx:(.text.startup+0x34): undefined reference to `pthread_atfork'
collect2: error: ld returned 1 exit status
CMakeFiles/cmTC_69c0f.dir/build.make:86: recipe for target 'cmTC_69c0f' failed
make[1]: *** [cmTC_69c0f] Error 1
make[1]: Leaving directory '/home/brain/aegis.cpp/lib/spdlog/build/CMakeFiles/CMakeTmp'
Makefile:121: recipe for target 'cmTC_69c0f/fast' failed
make: *** [cmTC_69c0f/fast] Error 2


Source file was:
#include <pthread.h>

void* test_func(void* data)
{
  return data;
}

int main(void)
{
  pthread_t thread;
  pthread_create(&thread, NULL, test_func, NULL);
  pthread_detach(thread);
  pthread_join(thread, NULL);
  pthread_atfork(NULL, NULL, NULL);
  pthread_exit(NULL);

  return 0;
}

Determining if the function pthread_create exists in the pthreads failed with the following output:
Change Dir: /home/brain/aegis.cpp/lib/spdlog/build/CMakeFiles/CMakeTmp

Run Build Command(s):/usr/bin/make cmTC_74d8c/fast && /usr/bin/make -f CMakeFiles/cmTC_74d8c.dir/build.make CMakeFiles/cmTC_74d8c.dir/build
make[1]: Entering directory '/home/brain/aegis.cpp/lib/spdlog/build/CMakeFiles/CMakeTmp'
Building CXX object CMakeFiles/cmTC_74d8c.dir/CheckFunctionExists.cxx.o
/usr/bin/c++    -Wall -O3  -DCHECK_FUNCTION_EXISTS=pthread_create   -o CMakeFiles/cmTC_74d8c.dir/CheckFunctionExists.cxx.o -c /home/brain/aegis.cpp/lib/spdlog/build/CMakeFiles/CheckLibraryExists/CheckFunctionExists.cxx
Linking CXX executable cmTC_74d8c
/usr/local/bin/cmake -E cmake_link_script CMakeFiles/cmTC_74d8c.dir/link.txt --verbose=1
/usr/bin/c++  -Wall -O3  -DCHECK_FUNCTION_EXISTS=pthread_create    -rdynamic CMakeFiles/cmTC_74d8c.dir/CheckFunctionExists.cxx.o  -o cmTC_74d8c  -lpthreads 
/usr/bin/ld: cannot find -lpthreads
collect2: error: ld returned 1 exit status
CMakeFiles/cmTC_74d8c.dir/build.make:86: recipe for target 'cmTC_74d8c' failed
make[1]: *** [cmTC_74d8c] Error 1
make[1]: Leaving directory '/home/brain/aegis.cpp/lib/spdlog/build/CMakeFiles/CMakeTmp'
Makefile:121: recipe for target 'cmTC_74d8c/fast' failed
make: *** [cmTC_74d8c/fast] Error 2



